#
# There is insufficient memory for the Java Runtime Environment to continue.
# Native memory allocation (malloc) failed to allocate 32744 bytes for ChunkPool::allocate
# Possible reasons:
#   The system is out of physical RAM or swap space
#   The process is running with CompressedOops enabled, and the Java Heap may be blocking the growth of the native heap
# Possible solutions:
#   Reduce memory load on the system
#   Increase physical memory or swap space
#   Check if swap backing store is full
#   Decrease Java heap size (-Xmx/-Xms)
#   Decrease number of Java threads
#   Decrease Java thread stack sizes (-Xss)
#   Set larger code cache with -XX:ReservedCodeCacheSize=
#   JVM is running with Unscaled Compressed Oops mode in which the Java heap is
#     placed in the first 4GB address space. The Java Heap base address is the
#     maximum limit for the native heap growth. Please use -XX:HeapBaseMinAddress
#     to set the Java Heap base and to place the Java Heap above 4GB virtual address.
# This output file may be truncated or incomplete.
#
#  Out of Memory Error (allocation.cpp:272), pid=5004, tid=0x0000000000001c14
#
# JRE version: OpenJDK Runtime Environment (8.0_212-b04) (build 1.8.0_212-release-1586-b04)
# Java VM: OpenJDK 64-Bit Server VM (25.212-b04 mixed mode windows-amd64 compressed oops)
# Failed to write core dump. Minidumps are not enabled by default on client versions of Windows
#

---------------  T H R E A D  ---------------

Current thread (0x000000001579b800):  JavaThread "C2 CompilerThread1" daemon [_thread_in_native, id=7188, stack(0x0000000017040000,0x0000000017140000)]

Stack: [0x0000000017040000,0x0000000017140000]
[error occurred during error reporting (printing stack bounds), id 0xc0000005]

Native frames: (J=compiled Java code, j=interpreted, Vv=VM code, C=native code)


Current CompileTask:
C2:1413339 16109       4       com.android.tools.r8.graph.Y::collectIndexedItems (64 bytes)


---------------  P R O C E S S  ---------------

Java Threads: ( => current thread )
  0x000000001cea6800 JavaThread "ForkJoinPool.commonPool-worker-3" daemon [_thread_blocked, id=6196, stack(0x0000000028cb0000,0x0000000028db0000)]
  0x000000001cea3000 JavaThread "ForkJoinPool.commonPool-worker-0" daemon [_thread_blocked, id=2008, stack(0x0000000027f90000,0x0000000028090000)]
  0x000000001cea6000 JavaThread "ForkJoinPool.commonPool-worker-3" daemon [_thread_in_native, id=6356, stack(0x0000000027d70000,0x0000000027e70000)]
  0x000000001cea2000 JavaThread "WorkerExecutor Queue Thread 5" [_thread_blocked, id=6564, stack(0x0000000027e90000,0x0000000027f90000)]
  0x000000001ce9d800 JavaThread "WorkerExecutor Queue Thread 4" [_thread_blocked, id=3168, stack(0x00000000279b0000,0x0000000027ab0000)]
  0x000000001cea4800 JavaThread "WorkerExecutor Queue Thread 3" [_thread_blocked, id=5092, stack(0x0000000025760000,0x0000000025860000)]
  0x000000001cea3800 JavaThread "WorkerExecutor Queue Thread 2" [_thread_blocked, id=1708, stack(0x0000000025660000,0x0000000025760000)]
  0x000000001cea5000 JavaThread "WorkerExecutor Queue" [_thread_blocked, id=5032, stack(0x0000000025160000,0x0000000025260000)]
  0x000000001ce9e800 JavaThread "Cache worker for Java compile cache (C:\Users\Alex\AndroidStudioProjects\salvamanteles\.gradle\5.6.4\javaCompile)" [_thread_blocked, id=6336, stack(0x0000000023d90000,0x0000000023e90000)]
  0x000000001cea0800 JavaThread "Cache worker for execution history cache (C:\Users\Alex\AndroidStudioProjects\salvamanteles\.gradle\5.6.4\executionHistory)" [_thread_blocked, id=8124, stack(0x0000000023c90000,0x0000000023d90000)]
  0x000000001cea1800 JavaThread "Execution worker for ':' Thread 3" [_thread_blocked, id=6120, stack(0x0000000023b90000,0x0000000023c90000)]
  0x000000001ce9d000 JavaThread "Execution worker for ':' Thread 2" [_thread_blocked, id=7648, stack(0x0000000023890000,0x0000000023990000)]
  0x000000001cea0000 JavaThread "Execution worker for ':'" [_thread_blocked, id=2884, stack(0x0000000023790000,0x0000000023890000)]
  0x000000001ce9f000 JavaThread "Cache worker for file content cache (C:\Users\Alex\AndroidStudioProjects\salvamanteles\.gradle\5.6.4\fileContent)" [_thread_blocked, id=7316, stack(0x0000000023690000,0x0000000023790000)]
  0x0000000019753000 JavaThread "Cache worker for Build Output Cleanup Cache (C:\Users\Alex\AndroidStudioProjects\salvamanteles\.gradle\buildOutputCleanup)" [_thread_blocked, id=7564, stack(0x0000000023590000,0x0000000023690000)]
  0x0000000019751800 JavaThread "Build operations Thread 4" [_thread_blocked, id=3100, stack(0x0000000023090000,0x0000000023190000)]
  0x0000000019752800 JavaThread "Build operations Thread 3" [_thread_blocked, id=7220, stack(0x0000000022d90000,0x0000000022e90000)]
  0x0000000019751000 JavaThread "Build operations Thread 2" [_thread_blocked, id=7916, stack(0x0000000022690000,0x0000000022790000)]
  0x000000001974d000 JavaThread "Build operations" [_thread_blocked, id=7808, stack(0x00000000216d0000,0x00000000217d0000)]
  0x0000000019750000 JavaThread "Cache worker for cache directory md-rule (C:\Users\Alex\.gradle\caches\5.6.4\md-rule)" [_thread_blocked, id=2944, stack(0x00000000211d0000,0x00000000212d0000)]
  0x000000001974c800 JavaThread "Cache worker for cache directory md-supplier (C:\Users\Alex\.gradle\caches\5.6.4\md-supplier)" [_thread_blocked, id=6168, stack(0x00000000210d0000,0x00000000211d0000)]
  0x000000001974f800 JavaThread "Cache worker for file hash cache (C:\Users\Alex\AndroidStudioProjects\salvamanteles\.gradle\5.6.4\fileHashes)" [_thread_blocked, id=3828, stack(0x000000001fae0000,0x000000001fbe0000)]
  0x000000001974e800 JavaThread "Thread-136" [_thread_blocked, id=7240, stack(0x000000001f9e0000,0x000000001fae0000)]
  0x000000001974a000 JavaThread "Stdin handler" [_thread_blocked, id=1408, stack(0x000000001e060000,0x000000001e160000)]
  0x000000001974b000 JavaThread "Asynchronous log dispatcher for DefaultDaemonConnection: socket connection from /127.0.0.1:51699 to /127.0.0.1:51981" [_thread_blocked, id=5080, stack(0x000000001b3c0000,0x000000001b4c0000)]
  0x0000000019747000 JavaThread "Daemon worker Thread 4" [_thread_blocked, id=5844, stack(0x000000001b0c0000,0x000000001b1c0000)]
  0x0000000019748800 JavaThread "Cancel handler" [_thread_blocked, id=4660, stack(0x000000001afc0000,0x000000001b0c0000)]
  0x0000000019749800 JavaThread "Handler for socket connection from /127.0.0.1:51699 to /127.0.0.1:51981" [_thread_in_native, id=5020, stack(0x000000001acc0000,0x000000001adc0000)]
  0x0000000019745000 JavaThread "Daemon Thread 4" [_thread_blocked, id=1984, stack(0x000000001abc0000,0x000000001acc0000)]
  0x000000001974b800 JavaThread "Cache worker for Java compile cache (C:\Users\Alex\.gradle\caches\5.6.4\javaCompile)" [_thread_blocked, id=8052, stack(0x0000000025060000,0x0000000025160000)]
  0x000000001feb5800 JavaThread "Cache worker for file content cache (C:\Users\Alex\.gradle\caches\5.6.4\fileContent)" [_thread_blocked, id=2692, stack(0x0000000022590000,0x0000000022690000)]
  0x000000001feb8800 JavaThread "Memory manager" [_thread_blocked, id=2052, stack(0x0000000022490000,0x0000000022590000)]
  0x000000001feb1000 JavaThread "Cache worker for execution history cache (C:\Users\Alex\.gradle\caches\5.6.4\executionHistory)" [_thread_blocked, id=8164, stack(0x000000001fbe0000,0x000000001fce0000)]
  0x00000000192df000 JavaThread "Cache worker for journal cache (C:\Users\Alex\.gradle\caches\journal-1)" [_thread_blocked, id=6216, stack(0x000000001b8c0000,0x000000001b9c0000)]
  0x00000000192db800 JavaThread "File lock request listener" [_thread_in_native, id=2116, stack(0x000000001b7c0000,0x000000001b8c0000)]
  0x00000000192de800 JavaThread "Cache worker for file hash cache (C:\Users\Alex\.gradle\caches\5.6.4\fileHashes)" [_thread_blocked, id=2096, stack(0x000000001b6c0000,0x000000001b7c0000)]
  0x00000000191cd800 JavaThread "Daemon periodic checks" [_thread_blocked, id=3196, stack(0x000000001aac0000,0x000000001abc0000)]
  0x000000001916d000 JavaThread "Incoming local TCP Connector on port 51699" [_thread_in_native, id=6552, stack(0x000000001a5c0000,0x000000001a6c0000)]
  0x00000000190a9800 JavaThread "Daemon health stats" [_thread_blocked, id=4860, stack(0x0000000019fe0000,0x000000001a0e0000)]
  0x00000000157fd000 JavaThread "Service Thread" daemon [_thread_blocked, id=7868, stack(0x0000000017640000,0x0000000017740000)]
  0x000000001579e000 JavaThread "C1 CompilerThread2" daemon [_thread_blocked, id=2720, stack(0x0000000017140000,0x0000000017240000)]
=>0x000000001579b800 JavaThread "C2 CompilerThread1" daemon [_thread_in_native, id=7188, stack(0x0000000017040000,0x0000000017140000)]
  0x00000000157a8000 JavaThread "C2 CompilerThread0" daemon [_thread_in_native, id=4136, stack(0x0000000016f40000,0x0000000017040000)]
  0x00000000157a6800 JavaThread "Attach Listener" daemon [_thread_blocked, id=7304, stack(0x0000000016e40000,0x0000000016f40000)]
  0x00000000157a5800 JavaThread "Signal Dispatcher" daemon [_thread_blocked, id=2300, stack(0x0000000016d40000,0x0000000016e40000)]
  0x0000000001e2c000 JavaThread "Finalizer" daemon [_thread_blocked, id=3724, stack(0x0000000016a00000,0x0000000016b00000)]
  0x0000000001e23000 JavaThread "Reference Handler" daemon [_thread_blocked, id=7580, stack(0x0000000016900000,0x0000000016a00000)]
  0x0000000001c8d800 JavaThread "main" [_thread_blocked, id=7864, stack(0x0000000001b80000,0x0000000001c80000)]

Other Threads:
  0x0000000015765800 VMThread [stack: 0x0000000016800000,0x0000000016900000] [id=5764]
  0x00000000157fe800 WatcherThread [stack: 0x0000000017740000,0x0000000017840000] [id=7252]

VM state:not at safepoint (normal execution)

VM Mutex/Monitor currently owned by a thread: None

OutOfMemory and StackOverflow Exception counts:
OutOfMemoryError java_heap_errors=4

heap address: 0x00000000a0000000, size: 1536 MB, Compressed Oops mode: 32-bit
Narrow klass base: 0x0000000000000000, Narrow klass shift: 3
Compressed class space size: 1073741824 Address: 0x0000000100000000

Heap:
 PSYoungGen      total 317440K, used 310783K [0x00000000e0000000, 0x00000000f9580000, 0x0000000100000000)
  eden space 276480K, 97% used [0x00000000e0000000,0x00000000f0780760,0x00000000f0e00000)
  from space 40960K, 99% used [0x00000000f6d80000,0x00000000f957f888,0x00000000f9580000)
  to   space 56320K, 0% used [0x00000000f2780000,0x00000000f2780000,0x00000000f5e80000)
 ParOldGen       total 128512K, used 97713K [0x00000000a0000000, 0x00000000a7d80000, 0x00000000e0000000)
  object space 128512K, 76% used [0x00000000a0000000,0x00000000a5f6c660,0x00000000a7d80000)
 Metaspace       used 86292K, capacity 90220K, committed 90328K, reserved 1128448K
  class space    used 11410K, capacity 12205K, committed 12248K, reserved 1048576K

Card table byte_map: [0x00000000111f0000,0x0000000011500000] byte_map_base: 0x0000000010cf0000

Marking Bits: (ParMarkBitMap*) 0x0000000059f59f30
 Begin Bits: [0x0000000011b00000, 0x0000000013300000)
 End Bits:   [0x0000000013300000, 0x0000000014b00000)

Polling page: 0x0000000001c90000

CodeCache: size=245760Kb used=42603Kb max_used=42612Kb free=203156Kb
 bounds [0x0000000001e30000, 0x0000000004810000, 0x0000000010e30000]
 total_blobs=14257 nmethods=13385 adapters=784
 compilation: enabled

Compilation events (10 events):
Event: 1413.069 Thread 0x000000001579e000 nmethod 16183 0x00000000047d2110 code [0x00000000047d2280, 0x00000000047d2448]
Event: 1413.069 Thread 0x000000001579b800 nmethod 16103 0x00000000047fb3d0 code [0x00000000047fb720, 0x00000000047fe8a0]
Event: 1413.069 Thread 0x000000001579b800 16082       4       com.android.tools.r8.dex.K$g::addString (20 bytes)
Event: 1413.132 Thread 0x000000001579b800 nmethod 16082 0x0000000004803410 code [0x0000000004803720, 0x0000000004806580]
Event: 1413.133 Thread 0x000000001579b800 16116       4       com.android.tools.r8.dex.K$g$$Lambda$607/1533494552::accept (12 bytes)
Event: 1413.134 Thread 0x000000001579b800 nmethod 16116 0x00000000047d0550 code [0x00000000047d06a0, 0x00000000047d0798]
Event: 1413.134 Thread 0x000000001579b800 16117       4       com.android.tools.r8.dex.K$g::a (36 bytes)
Event: 1413.135 Thread 0x000000001579b800 nmethod 16117 0x0000000001f7fe90 code [0x0000000001f7ffe0, 0x0000000001f80058]
Event: 1413.135 Thread 0x000000001579b800 16109       4       com.android.tools.r8.graph.Y::collectIndexedItems (64 bytes)
Event: 1413.246 Thread 0x000000001579e000 16184       3       java.security.AccessController::getContext (23 bytes)

GC Heap History (10 events):
Event: 8.026 GC heap before
{Heap before GC invocations=13 (full 3):
 PSYoungGen      total 268288K, used 18957K [0x00000000e0000000, 0x00000000f2380000, 0x0000000100000000)
  eden space 248320K, 0% used [0x00000000e0000000,0x00000000e0000000,0x00000000ef280000)
  from space 19968K, 94% used [0x00000000f0880000,0x00000000f1b037f0,0x00000000f1c00000)
  to   space 22528K, 0% used [0x00000000ef280000,0x00000000ef280000,0x00000000f0880000)
 ParOldGen       total 87040K, used 26464K [0x00000000a0000000, 0x00000000a5500000, 0x00000000e0000000)
  object space 87040K, 30% used [0x00000000a0000000,0x00000000a19d8180,0x00000000a5500000)
 Metaspace       used 57077K, capacity 59048K, committed 59096K, reserved 1099776K
  class space    used 7888K, capacity 8361K, committed 8408K, reserved 1048576K
Event: 8.190 GC heap after
Heap after GC invocations=13 (full 3):
 PSYoungGen      total 268288K, used 0K [0x00000000e0000000, 0x00000000f2380000, 0x0000000100000000)
  eden space 248320K, 0% used [0x00000000e0000000,0x00000000e0000000,0x00000000ef280000)
  from space 19968K, 0% used [0x00000000f0880000,0x00000000f0880000,0x00000000f1c00000)
  to   space 22528K, 0% used [0x00000000ef280000,0x00000000ef280000,0x00000000f0880000)
 ParOldGen       total 128512K, used 32664K [0x00000000a0000000, 0x00000000a7d80000, 0x00000000e0000000)
  object space 128512K, 25% used [0x00000000a0000000,0x00000000a1fe6210,0x00000000a7d80000)
 Metaspace       used 57050K, capacity 58976K, committed 59096K, reserved 1099776K
  class space    used 7880K, capacity 8345K, committed 8408K, reserved 1048576K
}
Event: 1087.518 GC heap before
{Heap before GC invocations=14 (full 3):
 PSYoungGen      total 268288K, used 248320K [0x00000000e0000000, 0x00000000f2380000, 0x0000000100000000)
  eden space 248320K, 100% used [0x00000000e0000000,0x00000000ef280000,0x00000000ef280000)
  from space 19968K, 0% used [0x00000000f0880000,0x00000000f0880000,0x00000000f1c00000)
  to   space 22528K, 0% used [0x00000000ef280000,0x00000000ef280000,0x00000000f0880000)
 ParOldGen       total 128512K, used 32664K [0x00000000a0000000, 0x00000000a7d80000, 0x00000000e0000000)
  object space 128512K, 25% used [0x00000000a0000000,0x00000000a1fe6210,0x00000000a7d80000)
 Metaspace       used 67058K, capacity 69514K, committed 69720K, reserved 1110016K
  class space    used 9010K, capacity 9528K, committed 9560K, reserved 1048576K
Event: 1087.536 GC heap after
Heap after GC invocations=14 (full 3):
 PSYoungGen      total 270848K, used 19739K [0x00000000e0000000, 0x00000000f5780000, 0x0000000100000000)
  eden space 248320K, 0% used [0x00000000e0000000,0x00000000e0000000,0x00000000ef280000)
  from space 22528K, 87% used [0x00000000ef280000,0x00000000f05c6e00,0x00000000f0880000)
  to   space 25088K, 0% used [0x00000000f3f00000,0x00000000f3f00000,0x00000000f5780000)
 ParOldGen       total 128512K, used 32672K [0x00000000a0000000, 0x00000000a7d80000, 0x00000000e0000000)
  object space 128512K, 25% used [0x00000000a0000000,0x00000000a1fe8210,0x00000000a7d80000)
 Metaspace       used 67058K, capacity 69514K, committed 69720K, reserved 1110016K
  class space    used 9010K, capacity 9528K, committed 9560K, reserved 1048576K
}
Event: 1096.090 GC heap before
{Heap before GC invocations=15 (full 3):
 PSYoungGen      total 270848K, used 268059K [0x00000000e0000000, 0x00000000f5780000, 0x0000000100000000)
  eden space 248320K, 100% used [0x00000000e0000000,0x00000000ef280000,0x00000000ef280000)
  from space 22528K, 87% used [0x00000000ef280000,0x00000000f05c6e00,0x00000000f0880000)
  to   space 25088K, 0% used [0x00000000f3f00000,0x00000000f3f00000,0x00000000f5780000)
 ParOldGen       total 128512K, used 32672K [0x00000000a0000000, 0x00000000a7d80000, 0x00000000e0000000)
  object space 128512K, 25% used [0x00000000a0000000,0x00000000a1fe8210,0x00000000a7d80000)
 Metaspace       used 82764K, capacity 86054K, committed 86360K, reserved 1124352K
  class space    used 11156K, capacity 11822K, committed 11864K, reserved 1048576K
Event: 1096.148 GC heap after
Heap after GC invocations=15 (full 3):
 PSYoungGen      total 312320K, used 25059K [0x00000000e0000000, 0x00000000f6e80000, 0x0000000100000000)
  eden space 287232K, 0% used [0x00000000e0000000,0x00000000e0000000,0x00000000f1880000)
  from space 25088K, 99% used [0x00000000f3f00000,0x00000000f5778da8,0x00000000f5780000)
  to   space 39424K, 0% used [0x00000000f1880000,0x00000000f1880000,0x00000000f3f00000)
 ParOldGen       total 128512K, used 62571K [0x00000000a0000000, 0x00000000a7d80000, 0x00000000e0000000)
  object space 128512K, 48% used [0x00000000a0000000,0x00000000a3d1ae90,0x00000000a7d80000)
 Metaspace       used 82764K, capacity 86054K, committed 86360K, reserved 1124352K
  class space    used 11156K, capacity 11822K, committed 11864K, reserved 1048576K
}
Event: 1165.826 GC heap before
{Heap before GC invocations=16 (full 3):
 PSYoungGen      total 312320K, used 312291K [0x00000000e0000000, 0x00000000f6e80000, 0x0000000100000000)
  eden space 287232K, 100% used [0x00000000e0000000,0x00000000f1880000,0x00000000f1880000)
  from space 25088K, 99% used [0x00000000f3f00000,0x00000000f5778da8,0x00000000f5780000)
  to   space 39424K, 0% used [0x00000000f1880000,0x00000000f1880000,0x00000000f3f00000)
 ParOldGen       total 128512K, used 62571K [0x00000000a0000000, 0x00000000a7d80000, 0x00000000e0000000)
  object space 128512K, 48% used [0x00000000a0000000,0x00000000a3d1ae90,0x00000000a7d80000)
 Metaspace       used 85186K, capacity 88948K, committed 89304K, reserved 1126400K
  class space    used 11367K, capacity 12131K, committed 12248K, reserved 1048576K
Event: 1165.868 GC heap after
Heap after GC invocations=16 (full 3):
 PSYoungGen      total 326656K, used 26061K [0x00000000e0000000, 0x00000000f9580000, 0x0000000100000000)
  eden space 287232K, 0% used [0x00000000e0000000,0x00000000e0000000,0x00000000f1880000)
  from space 39424K, 66% used [0x00000000f1880000,0x00000000f31f34f8,0x00000000f3f00000)
  to   space 40960K, 0% used [0x00000000f6d80000,0x00000000f6d80000,0x00000000f9580000)
 ParOldGen       total 128512K, used 73987K [0x00000000a0000000, 0x00000000a7d80000, 0x00000000e0000000)
  object space 128512K, 57% used [0x00000000a0000000,0x00000000a4840f70,0x00000000a7d80000)
 Metaspace       used 85186K, capacity 88948K, committed 89304K, reserved 1126400K
  class space    used 11367K, capacity 12131K, committed 12248K, reserved 1048576K
}
Event: 1281.118 GC heap before
{Heap before GC invocations=17 (full 3):
 PSYoungGen      total 326656K, used 313293K [0x00000000e0000000, 0x00000000f9580000, 0x0000000100000000)
  eden space 287232K, 100% used [0x00000000e0000000,0x00000000f1880000,0x00000000f1880000)
  from space 39424K, 66% used [0x00000000f1880000,0x00000000f31f34f8,0x00000000f3f00000)
  to   space 40960K, 0% used [0x00000000f6d80000,0x00000000f6d80000,0x00000000f9580000)
 ParOldGen       total 128512K, used 73987K [0x00000000a0000000, 0x00000000a7d80000, 0x00000000e0000000)
  object space 128512K, 57% used [0x00000000a0000000,0x00000000a4840f70,0x00000000a7d80000)
 Metaspace       used 85907K, capacity 89888K, committed 90072K, reserved 1126400K
  class space    used 11401K, capacity 12191K, committed 12248K, reserved 1048576K
Event: 1281.209 GC heap after
Heap after GC invocations=17 (full 3):
 PSYoungGen      total 317440K, used 40958K [0x00000000e0000000, 0x00000000f9580000, 0x0000000100000000)
  eden space 276480K, 0% used [0x00000000e0000000,0x00000000e0000000,0x00000000f0e00000)
  from space 40960K, 99% used [0x00000000f6d80000,0x00000000f957f888,0x00000000f9580000)
  to   space 56320K, 0% used [0x00000000f2780000,0x00000000f2780000,0x00000000f5e80000)
 ParOldGen       total 128512K, used 97713K [0x00000000a0000000, 0x00000000a7d80000, 0x00000000e0000000)
  object space 128512K, 76% used [0x00000000a0000000,0x00000000a5f6c660,0x00000000a7d80000)
 Metaspace       used 85907K, capacity 89888K, committed 90072K, reserved 1126400K
  class space    used 11401K, capacity 12191K, committed 12248K, reserved 1048576K
}

Deoptimization events (10 events):
Event: 1410.129 Thread 0x0000000019747000 Uncommon trap: reason=class_check action=maybe_recompile pc=0x00000000028fb75c method=com.google.common.collect.Iterators$ConcatenatedIterator.hasNext()Z @ 7
Event: 1410.209 Thread 0x0000000019747000 Uncommon trap: reason=class_check action=maybe_recompile pc=0x00000000028fb75c method=com.google.common.collect.Iterators$ConcatenatedIterator.hasNext()Z @ 7
Event: 1411.992 Thread 0x000000001cea1800 Uncommon trap: reason=unstable_if action=reinterpret pc=0x0000000002ac6bc0 method=java.lang.StringCoding$StringDecoder.decode([BII)[C @ 20
Event: 1412.193 Thread 0x000000001cea1800 Uncommon trap: reason=class_check action=maybe_recompile pc=0x0000000003a07c54 method=com.sun.tools.javac.code.Types$18.visitClassType(Lcom/sun/tools/javac/code/Type$ClassType;Ljava/lang/Void;)Lcom/sun/tools/javac/code/Type; @ 19
Event: 1412.330 Thread 0x000000001cea5000 Uncommon trap: reason=speculate_class_check action=maybe_recompile pc=0x00000000044c4914 method=java.util.HashMap.putVal(ILjava/lang/Object;Ljava/lang/Object;ZZ)Ljava/lang/Object; @ 295
Event: 1412.330 Thread 0x000000001cea5000 Uncommon trap: reason=speculate_class_check action=maybe_recompile pc=0x00000000044c4914 method=java.util.HashMap.putVal(ILjava/lang/Object;Ljava/lang/Object;ZZ)Ljava/lang/Object; @ 295
Event: 1412.593 Thread 0x000000001cea3800 Uncommon trap: reason=null_check action=make_not_entrant pc=0x0000000003e62334 method=com.android.tools.r8.s.a.b.h.a(Ljava/lang/Object;)V @ 71
Event: 1412.779 Thread 0x000000001cea3800 Uncommon trap: reason=array_check action=maybe_recompile pc=0x00000000045e91b0 method=java.util.TimSort.reverseRange([Ljava/lang/Object;II)V @ 27
Event: 1412.779 Thread 0x000000001cea3800 Uncommon trap: reason=array_check action=maybe_recompile pc=0x00000000045e91b0 method=java.util.TimSort.reverseRange([Ljava/lang/Object;II)V @ 27
Event: 1412.780 Thread 0x000000001cea3800 Uncommon trap: reason=array_check action=maybe_recompile pc=0x00000000045e3344 method=java.util.TimSort.reverseRange([Ljava/lang/Object;II)V @ 27

Classes redefined (0 events):
No events

Internal exceptions (10 events):
Event: 1280.089 Thread 0x0000000019745000 Exception <a 'sun/nio/fs/WindowsException'> (0x00000000eb2a89c0) thrown at [D:\src\AOSP-openjdk-cygwin\jdk8u\hotspot\src\share\vm\prims\jni.cpp, line 710]
Event: 1280.093 Thread 0x0000000019745000 Exception <a 'sun/nio/fs/WindowsException'> (0x00000000eb3392a8) thrown at [D:\src\AOSP-openjdk-cygwin\jdk8u\hotspot\src\share\vm\prims\jni.cpp, line 710]
Event: 1280.311 Thread 0x000000001974c800 Exception <a 'sun/nio/fs/WindowsException'> (0x00000000ebdf4e70) thrown at [D:\src\AOSP-openjdk-cygwin\jdk8u\hotspot\src\share\vm\prims\jni.cpp, line 710]
Event: 1281.332 Thread 0x0000000019750000 Exception <a 'sun/nio/fs/WindowsException'> (0x00000000e18093d8) thrown at [D:\src\AOSP-openjdk-cygwin\jdk8u\hotspot\src\share\vm\prims\jni.cpp, line 710]
Event: 1281.568 Thread 0x000000001ce9d000 Exception <a 'sun/nio/fs/WindowsException'> (0x00000000e24abf70) thrown at [D:\src\AOSP-openjdk-cygwin\jdk8u\hotspot\src\share\vm\prims\jni.cpp, line 710]
Event: 1412.328 Thread 0x000000001cea5000 Exception <a 'sun/nio/fs/WindowsException'> (0x00000000e82e9a08) thrown at [D:\src\AOSP-openjdk-cygwin\jdk8u\hotspot\src\share\vm\prims\jni.cpp, line 710]
Event: 1412.347 Thread 0x000000001cea5000 Exception <a 'sun/nio/fs/WindowsException'> (0x00000000e8492100) thrown at [D:\src\AOSP-openjdk-cygwin\jdk8u\hotspot\src\share\vm\prims\jni.cpp, line 710]
Event: 1412.348 Thread 0x000000001cea5000 Exception <a 'sun/nio/fs/WindowsException'> (0x00000000e851ad40) thrown at [D:\src\AOSP-openjdk-cygwin\jdk8u\hotspot\src\share\vm\prims\jni.cpp, line 710]
Event: 1412.464 Thread 0x000000001cea3800 Exception <a 'sun/nio/fs/WindowsException'> (0x00000000e8fbbd08) thrown at [D:\src\AOSP-openjdk-cygwin\jdk8u\hotspot\src\share\vm\prims\jni.cpp, line 710]
Event: 1413.015 Thread 0x000000001cea3000 Exception <a 'sun/nio/fs/WindowsException'> (0x00000000effcc238) thrown at [D:\src\AOSP-openjdk-cygwin\jdk8u\hotspot\src\share\vm\prims\jni.cpp, line 710]

Events (10 events):
Event: 1413.059 Executing VM operation: RevokeBias
Event: 1413.060 Executing VM operation: RevokeBias done
Event: 1413.061 Thread 0x000000001579e000 flushing nmethod 0x0000000001f7fe90
Event: 1413.061 Thread 0x000000001579e000 flushing nmethod 0x0000000001fa1d50
Event: 1413.164 Thread 0x000000001cea6000 Thread added: 0x000000001cea6000
Event: 1413.235 Executing VM operation: RevokeBias
Event: 1413.235 Executing VM operation: RevokeBias done
Event: 1413.236 Executing VM operation: RevokeBias
Event: 1413.236 Executing VM operation: RevokeBias done
Event: 1413.246 Thread 0x000000001cea3000 Thread added: 0x000000001cea3000


Dynamic libraries:
0x00007ff61c450000 - 0x00007ff61c481000 	C:\Program Files\Android\Android Studio\jre\bin\java.exe
0x00007ffb0a4e0000 - 0x00007ffb0a68c000 	C:\Windows\SYSTEM32\ntdll.dll
0x00007ffb08230000 - 0x00007ffb0836e000 	C:\Windows\system32\KERNEL32.DLL
0x00007ffb077c0000 - 0x00007ffb078d5000 	C:\Windows\system32\KERNELBASE.dll
0x00007ffb0a1c0000 - 0x00007ffb0a26a000 	C:\Windows\system32\ADVAPI32.dll
0x00007ffb099d0000 - 0x00007ffb09b47000 	C:\Windows\system32\USER32.dll
0x00007ffb04e00000 - 0x00007ffb0507a000 	C:\Windows\WinSxS\amd64_microsoft.windows.common-controls_6595b64144ccf1df_6.0.9600.17810_none_6240b9c7ecbd0bda\COMCTL32.dll
0x00007ffb07d30000 - 0x00007ffb07dda000 	C:\Windows\system32\msvcrt.dll
0x00007ffb09960000 - 0x00007ffb099b9000 	C:\Windows\SYSTEM32\sechost.dll
0x00007ffb080e0000 - 0x00007ffb08221000 	C:\Windows\system32\RPCRT4.dll
0x00007ffb07be0000 - 0x00007ffb07d30000 	C:\Windows\system32\GDI32.dll
0x00007ffb0a120000 - 0x00007ffb0a156000 	C:\Windows\system32\IMM32.DLL
0x00007ffb09f60000 - 0x00007ffb0a0b1000 	C:\Windows\system32\MSCTF.dll
0x0000000057960000 - 0x0000000057a32000 	C:\Program Files\Android\Android Studio\jre\jre\bin\msvcr100.dll
0x0000000059790000 - 0x0000000059fd6000 	C:\Program Files\Android\Android Studio\jre\jre\bin\server\jvm.dll
0x00007ffb02740000 - 0x00007ffb02749000 	C:\Windows\SYSTEM32\WSOCK32.dll
0x00007ffb04b70000 - 0x00007ffb04b92000 	C:\Windows\SYSTEM32\WINMM.dll
0x00007ffb04ba0000 - 0x00007ffb04baa000 	C:\Windows\SYSTEM32\VERSION.dll
0x00007ffb09bc0000 - 0x00007ffb09bc7000 	C:\Windows\system32\PSAPI.DLL
0x00007ffb0a160000 - 0x00007ffb0a1ba000 	C:\Windows\system32\WS2_32.dll
0x00007ffb049f0000 - 0x00007ffb04a1a000 	C:\Windows\SYSTEM32\WINMMBASE.dll
0x00007ffb07bd0000 - 0x00007ffb07bd9000 	C:\Windows\system32\NSI.dll
0x00007ffb078e0000 - 0x00007ffb0792f000 	C:\Windows\SYSTEM32\cfgmgr32.dll
0x00007ffb062a0000 - 0x00007ffb062c8000 	C:\Windows\SYSTEM32\DEVOBJ.dll
0x00007ffb02610000 - 0x00007ffb0261f000 	C:\Program Files\Android\Android Studio\jre\jre\bin\verify.dll
0x00007ffb003b0000 - 0x00007ffb003d9000 	C:\Program Files\Android\Android Studio\jre\jre\bin\java.dll
0x00007ffb01ce0000 - 0x00007ffb01cf6000 	C:\Program Files\Android\Android Studio\jre\jre\bin\zip.dll
0x00007ffb08440000 - 0x00007ffb09958000 	C:\Windows\system32\SHELL32.dll
0x00007ffb07e00000 - 0x00007ffb08011000 	C:\Windows\SYSTEM32\combase.dll
0x00007ffb0a0c0000 - 0x00007ffb0a114000 	C:\Windows\system32\SHLWAPI.dll
0x00007ffb05fe0000 - 0x00007ffb06092000 	C:\Windows\SYSTEM32\SHCORE.dll
0x00007ffb07640000 - 0x00007ffb07655000 	C:\Windows\SYSTEM32\profapi.dll
0x00007ffb01440000 - 0x00007ffb0145a000 	C:\Program Files\Android\Android Studio\jre\jre\bin\net.dll
0x00007ffaff8d0000 - 0x00007ffaffa55000 	C:\Windows\SYSTEM32\urlmon.dll
0x00007ffb0a270000 - 0x00007ffb0a404000 	C:\Windows\system32\ole32.dll
0x00007ffaff600000 - 0x00007ffaff8c7000 	C:\Windows\SYSTEM32\iertutil.dll
0x00007ffaff3a0000 - 0x00007ffaff5fa000 	C:\Windows\SYSTEM32\WININET.dll
0x00007ffb06be0000 - 0x00007ffb06c01000 	C:\Windows\SYSTEM32\USERENV.dll
0x00007ffb06eb0000 - 0x00007ffb06f09000 	C:\Windows\system32\mswsock.dll
0x00007ffaeb6c0000 - 0x00007ffaeb6d3000 	C:\Program Files\Android\Android Studio\jre\jre\bin\nio.dll
0x00007ffada5a0000 - 0x00007ffada5c6000 	C:\Users\Alex\.gradle\native\30\windows-amd64\native-platform.dll
0x00007ffb02600000 - 0x00007ffb0260d000 	C:\Program Files\Android\Android Studio\jre\jre\bin\management.dll
0x00007ffb06f10000 - 0x00007ffb06f30000 	C:\Windows\SYSTEM32\CRYPTSP.dll
0x00007ffb06ad0000 - 0x00007ffb06b06000 	C:\Windows\system32\rsaenh.dll
0x00007ffb071d0000 - 0x00007ffb071f6000 	C:\Windows\SYSTEM32\bcrypt.dll
0x00007ffb07510000 - 0x00007ffb07573000 	C:\Windows\system32\bcryptprimitives.dll
0x00007ffb07580000 - 0x00007ffb0758b000 	C:\Windows\SYSTEM32\CRYPTBASE.dll
0x00007ffb01340000 - 0x00007ffb0136a000 	C:\Windows\SYSTEM32\IPHLPAPI.DLL
0x00007ffb01330000 - 0x00007ffb0133a000 	C:\Windows\SYSTEM32\WINNSI.DLL
0x00007ffb00dc0000 - 0x00007ffb00dd6000 	C:\Windows\SYSTEM32\dhcpcsvc6.DLL
0x00007ffb01050000 - 0x00007ffb0106a000 	C:\Windows\SYSTEM32\dhcpcsvc.DLL
0x00007ffb05f40000 - 0x00007ffb05fce000 	C:\Windows\system32\apphelp.dll

VM Arguments:
jvm_args: -Xmx1536m -Dfile.encoding=windows-1252 -Duser.country=ES -Duser.language=es -Duser.variant 
java_command: org.gradle.launcher.daemon.bootstrap.GradleDaemon 5.6.4
java_class_path (initial): C:\Users\Alex\.gradle\wrapper\dists\gradle-5.6.4-all\ankdp27end7byghfw1q2sw75f\gradle-5.6.4\lib\gradle-launcher-5.6.4.jar
Launcher Type: SUN_STANDARD

Environment Variables:
PATH=C:\Program Files (x86)\Common Files\Oracle\Java\javapath;C:\ProgramData\Oracle\Java\javapath;C:\Program Files (x86)\NVIDIA Corporation\PhysX\Common;C:\Windows\system32;C:\Windows;C:\Windows\System32\Wbem;C:\Windows\System32\WindowsPowerShell\v1.0\;C:\adb;C:\Program Files (x86)\Brackets\command;C:\xampp\php;C:\composer;C:\Program Files (x86)\Git\bin;C:\Program Files (x86)\Git\cmd;C:\Program Files\Git\cmd;C:\MinGW\bin;C:\Users\Alex\AppData\Local\Programs\Microsoft VS Code\bin;C:\Users\Alex\AppData\Roaming\Composer\vendor\bin
USERNAME=Alex
OS=Windows_NT
PROCESSOR_IDENTIFIER=Intel64 Family 6 Model 60 Stepping 3, GenuineIntel



---------------  S Y S T E M  ---------------

OS: Windows 8.1 , 64 bit Build 9600 (6.3.9600.17415)

CPU:total 4 (initial active 4) (4 cores per cpu, 1 threads per core) family 6 model 60 stepping 3, cmov, cx8, fxsr, mmx, sse, sse2, sse3, ssse3, sse4.1, sse4.2, popcnt, avx, avx2, aes, clmul, erms, rtm, lzcnt, tsc, tscinvbit, bmi1, bmi2

Memory: 4k page, physical 7815488k(928032k free), swap 9607488k(5080k free)

vm_info: OpenJDK 64-Bit Server VM (25.212-b04) for windows-amd64 JRE (1.8.0_212-release-1586-b04), built by "builder" with MS VC++ 10.0 (VS2010)

time: Sat May 30 18:03:53 2020
timezone: Hora de verano romance
elapsed time: 1413 seconds (0d 0h 23m 33s)

