#
# There is insufficient memory for the Java Runtime Environment to continue.
# Native memory allocation (malloc) failed to allocate 753552 bytes for Chunk::new
# Possible reasons:
#   The system is out of physical RAM or swap space
#   The process is running with CompressedOops enabled, and the Java Heap may be blocking the growth of the native heap
# Possible solutions:
#   Reduce memory load on the system
#   Increase physical memory or swap space
#   Check if swap backing store is full
#   Decrease Java heap size (-Xmx/-Xms)
#   Decrease number of Java threads
#   Decrease Java thread stack sizes (-Xss)
#   Set larger code cache with -XX:ReservedCodeCacheSize=
#   JVM is running with Unscaled Compressed Oops mode in which the Java heap is
#     placed in the first 4GB address space. The Java Heap base address is the
#     maximum limit for the native heap growth. Please use -XX:HeapBaseMinAddress
#     to set the Java Heap base and to place the Java Heap above 4GB virtual address.
# This output file may be truncated or incomplete.
#
#  Out of Memory Error (allocation.cpp:389), pid=5720, tid=0x0000000000000fac
#
# JRE version: OpenJDK Runtime Environment (8.0_212-b04) (build 1.8.0_212-release-1586-b04)
# Java VM: OpenJDK 64-Bit Server VM (25.212-b04 mixed mode windows-amd64 compressed oops)
# Failed to write core dump. Minidumps are not enabled by default on client versions of Windows
#

---------------  T H R E A D  ---------------

Current thread (0x000000001577d000):  JavaThread "C2 CompilerThread1" daemon [_thread_in_native, id=4012, stack(0x0000000017020000,0x0000000017120000)]

Stack: [0x0000000017020000,0x0000000017120000]
[error occurred during error reporting (printing stack bounds), id 0xc0000005]

Native frames: (J=compiled Java code, j=interpreted, Vv=VM code, C=native code)


Current CompileTask:
C2: 532926 16379       4       org.gradle.internal.operations.DefaultBuildOperationExecutor::execute (111 bytes)


---------------  P R O C E S S  ---------------

Java Threads: ( => current thread )
  0x0000000017dd7000 JavaThread "Execution worker for ':' Thread 3" [_thread_in_native, id=3108, stack(0x0000000028b10000,0x0000000028c10000)]
  0x0000000017dd4000 JavaThread "Execution worker for ':' Thread 2" [_thread_in_native, id=7400, stack(0x0000000028a10000,0x0000000028b10000)]
  0x0000000017dd3800 JavaThread "Execution worker for ':'" [_thread_in_native, id=2184, stack(0x0000000027bc0000,0x0000000027cc0000)]
  0x0000000017dd0800 JavaThread "Cache worker for file content cache (C:\Users\Alex\AndroidStudioProjects\salvamanteles\.gradle\5.6.4\fileContent)" [_thread_blocked, id=7740, stack(0x0000000023ee0000,0x0000000023fe0000)]
  0x0000000017dd2000 JavaThread "Cache worker for Build Output Cleanup Cache (C:\Users\Alex\AndroidStudioProjects\salvamanteles\.gradle\buildOutputCleanup)" [_thread_blocked, id=7056, stack(0x0000000023de0000,0x0000000023ee0000)]
  0x0000000017dd2800 JavaThread "Build operations Thread 4" [_thread_blocked, id=1936, stack(0x0000000022800000,0x0000000022900000)]
  0x0000000017dcf800 JavaThread "Build operations Thread 3" [_thread_blocked, id=1108, stack(0x0000000021ae0000,0x0000000021be0000)]
  0x000000001bb3e000 JavaThread "Build operations Thread 2" [_thread_blocked, id=7876, stack(0x00000000203d0000,0x00000000204d0000)]
  0x000000001bb3e800 JavaThread "Build operations" [_thread_blocked, id=4004, stack(0x000000001fe00000,0x000000001ff00000)]
  0x000000001bb39800 JavaThread "Cache worker for cache directory md-rule (C:\Users\Alex\.gradle\caches\5.6.4\md-rule)" [_thread_blocked, id=2480, stack(0x000000001e1a0000,0x000000001e2a0000)]
  0x000000001bb3b000 JavaThread "Cache worker for cache directory md-supplier (C:\Users\Alex\.gradle\caches\5.6.4\md-supplier)" [_thread_blocked, id=7324, stack(0x000000001dde0000,0x000000001dee0000)]
  0x000000001bb38800 JavaThread "Cache worker for file hash cache (C:\Users\Alex\AndroidStudioProjects\salvamanteles\.gradle\5.6.4\fileHashes)" [_thread_blocked, id=2388, stack(0x000000001ca70000,0x000000001cb70000)]
  0x000000001bb37000 JavaThread "Thread-53" [_thread_blocked, id=6708, stack(0x000000001b3a0000,0x000000001b4a0000)]
  0x000000001bb38000 JavaThread "Stdin handler" [_thread_blocked, id=6188, stack(0x000000001b2a0000,0x000000001b3a0000)]
  0x000000001bb33800 JavaThread "Asynchronous log dispatcher for DefaultDaemonConnection: socket connection from /127.0.0.1:51500 to /127.0.0.1:51694" [_thread_blocked, id=2976, stack(0x000000001b1a0000,0x000000001b2a0000)]
  0x000000001bb36800 JavaThread "Daemon worker Thread 3" [_thread_in_native, id=4132, stack(0x000000001b0a0000,0x000000001b1a0000)]
  0x000000001bb32800 JavaThread "Cancel handler" [_thread_blocked, id=3808, stack(0x000000001afa0000,0x000000001b0a0000)]
  0x000000001bb35800 JavaThread "Handler for socket connection from /127.0.0.1:51500 to /127.0.0.1:51694" [_thread_in_native, id=5368, stack(0x000000001aca0000,0x000000001ada0000)]
  0x000000001bb32000 JavaThread "Daemon Thread 3" [_thread_blocked, id=2472, stack(0x000000001aba0000,0x000000001aca0000)]
  0x000000001bb3a000 JavaThread "Cache worker for file content cache (C:\Users\Alex\.gradle\caches\5.6.4\fileContent)" [_thread_blocked, id=7936, stack(0x0000000022700000,0x0000000022800000)]
  0x000000001bb35000 JavaThread "Memory manager" [_thread_blocked, id=4196, stack(0x00000000223e0000,0x00000000224e0000)]
  0x000000001bb30800 JavaThread "Cache worker for execution history cache (C:\Users\Alex\.gradle\caches\5.6.4\executionHistory)" [_thread_blocked, id=1760, stack(0x000000001fd00000,0x000000001fe00000)]
  0x0000000019314800 JavaThread "Cache worker for journal cache (C:\Users\Alex\.gradle\caches\journal-1)" [_thread_blocked, id=1592, stack(0x000000001b8a0000,0x000000001b9a0000)]
  0x0000000019315800 JavaThread "File lock request listener" [_thread_in_native, id=5136, stack(0x000000001b7a0000,0x000000001b8a0000)]
  0x0000000019314000 JavaThread "Cache worker for file hash cache (C:\Users\Alex\.gradle\caches\5.6.4\fileHashes)" [_thread_blocked, id=7648, stack(0x000000001b6a0000,0x000000001b7a0000)]
  0x000000001918c800 JavaThread "Daemon periodic checks" [_thread_blocked, id=2324, stack(0x000000001aaa0000,0x000000001aba0000)]
  0x0000000019145800 JavaThread "Incoming local TCP Connector on port 51500" [_thread_in_native, id=5400, stack(0x000000001a5a0000,0x000000001a6a0000)]
  0x00000000172e5000 JavaThread "Daemon health stats" [_thread_blocked, id=6220, stack(0x0000000019fc0000,0x000000001a0c0000)]
  0x0000000017248800 JavaThread "Service Thread" daemon [_thread_blocked, id=1408, stack(0x0000000017620000,0x0000000017720000)]
  0x0000000015787000 JavaThread "C1 CompilerThread2" daemon [_thread_in_vm, id=2532, stack(0x0000000017120000,0x0000000017220000)]
=>0x000000001577d000 JavaThread "C2 CompilerThread1" daemon [_thread_in_native, id=4012, stack(0x0000000017020000,0x0000000017120000)]
  0x0000000015778800 JavaThread "C2 CompilerThread0" daemon [_thread_blocked, id=6356, stack(0x0000000016f20000,0x0000000017020000)]
  0x0000000015786000 JavaThread "Attach Listener" daemon [_thread_blocked, id=6088, stack(0x0000000016e20000,0x0000000016f20000)]
  0x0000000015784800 JavaThread "Signal Dispatcher" daemon [_thread_blocked, id=7476, stack(0x0000000016d20000,0x0000000016e20000)]
  0x0000000001e0b000 JavaThread "Finalizer" daemon [_thread_blocked, id=7716, stack(0x00000000169e0000,0x0000000016ae0000)]
  0x0000000015769000 JavaThread "Reference Handler" daemon [_thread_blocked, id=7340, stack(0x00000000168e0000,0x00000000169e0000)]
  0x000000000049d800 JavaThread "main" [_thread_blocked, id=3416, stack(0x0000000001c10000,0x0000000001d10000)]

Other Threads:
  0x0000000015746000 VMThread [stack: 0x00000000167e0000,0x00000000168e0000] [id=2424]
  0x00000000157dc800 WatcherThread [stack: 0x0000000017720000,0x0000000017820000] [id=6624]

VM state:not at safepoint (normal execution)

VM Mutex/Monitor currently owned by a thread: None

heap address: 0x00000000a0000000, size: 1536 MB, Compressed Oops mode: 32-bit
Narrow klass base: 0x0000000000000000, Narrow klass shift: 3
Compressed class space size: 1073741824 Address: 0x0000000100000000

Heap:
 PSYoungGen      total 495616K, used 14042K [0x00000000e0000000, 0x0000000100000000, 0x0000000100000000)
  eden space 468480K, 2% used [0x00000000e0000000,0x00000000e0db6980,0x00000000fc980000)
  from space 27136K, 0% used [0x00000000fc980000,0x00000000fc980000,0x00000000fe400000)
  to   space 28672K, 0% used [0x00000000fe400000,0x00000000fe400000,0x0000000100000000)
 ParOldGen       total 190976K, used 67305K [0x00000000a0000000, 0x00000000aba80000, 0x00000000e0000000)
  object space 190976K, 35% used [0x00000000a0000000,0x00000000a41ba7a0,0x00000000aba80000)
 Metaspace       used 93203K, capacity 97678K, committed 98496K, reserved 1134592K
  class space    used 12225K, capacity 13125K, committed 13400K, reserved 1048576K

Card table byte_map: [0x00000000111d0000,0x00000000114e0000] byte_map_base: 0x0000000010cd0000

Marking Bits: (ParMarkBitMap*) 0x0000000059f59f30
 Begin Bits: [0x0000000011ae0000, 0x00000000132e0000)
 End Bits:   [0x00000000132e0000, 0x0000000014ae0000)

Polling page: 0x00000000003d0000

CodeCache: size=245760Kb used=48142Kb max_used=48203Kb free=197617Kb
 bounds [0x0000000001e10000, 0x0000000004d60000, 0x0000000010e10000]
 total_blobs=14885 nmethods=13979 adapters=814
 compilation: enabled

Compilation events (10 events):
Event: 532.812 Thread 0x0000000015787000 nmethod 16500 0x0000000004d2ee90 code [0x0000000004d2f000, 0x0000000004d2f348]
Event: 532.814 Thread 0x0000000015778800 nmethod 16498 0x0000000004d33b90 code [0x0000000004d33ce0, 0x0000000004d33fb8]
Event: 532.815 Thread 0x0000000015778800 16501       4       org.gradle.api.internal.artifacts.transform.ConsumerProvidedVariantFinder::matchAttributes (68 bytes)
Event: 532.816 Thread 0x0000000015787000 16503       3       org.gradle.api.internal.tasks.properties.FileParameterUtils::resolveInputFileValue (42 bytes)
Event: 532.817 Thread 0x0000000015787000 nmethod 16503 0x0000000004d3de90 code [0x0000000004d3e1a0, 0x0000000004d3f788]
Event: 532.817 Thread 0x0000000015787000 16504       3       org.gradle.api.internal.file.collections.BuildDependenciesOnlyFileCollectionResolveContext::maybeAdd (86 bytes)
Event: 532.818 Thread 0x0000000015787000 nmethod 16504 0x0000000004d34f50 code [0x0000000004d35160, 0x0000000004d35e28]
Event: 532.823 Thread 0x0000000015778800 nmethod 16501 0x0000000004d42b50 code [0x0000000004d42d40, 0x0000000004d436d0]
Event: 532.823 Thread 0x0000000015778800 16502       4       org.gradle.api.internal.artifacts.transform.TransformationNode$ChainedTransformationNode::compareTo (9 bytes)
Event: 532.824 Thread 0x0000000015778800 nmethod 16502 0x0000000004d3c2d0 code [0x0000000004d3c440, 0x0000000004d3c718]

GC Heap History (10 events):
Event: 14.722 GC heap before
{Heap before GC invocations=13 (full 3):
 PSYoungGen      total 361984K, used 339456K [0x00000000e0000000, 0x00000000feb00000, 0x0000000100000000)
  eden space 339456K, 100% used [0x00000000e0000000,0x00000000f4b80000,0x00000000f4b80000)
  from space 22528K, 0% used [0x00000000f4b80000,0x00000000f4b80000,0x00000000f6180000)
  to   space 24064K, 0% used [0x00000000fd380000,0x00000000fd380000,0x00000000feb00000)
 ParOldGen       total 120320K, used 30753K [0x00000000a0000000, 0x00000000a7580000, 0x00000000e0000000)
  object space 120320K, 25% used [0x00000000a0000000,0x00000000a1e08640,0x00000000a7580000)
 Metaspace       used 69801K, capacity 73210K, committed 73304K, reserved 1112064K
  class space    used 9610K, capacity 10284K, committed 10328K, reserved 1048576K
Event: 14.767 GC heap after
Heap after GC invocations=13 (full 3):
 PSYoungGen      total 461312K, used 24057K [0x00000000e0000000, 0x00000000feb00000, 0x0000000100000000)
  eden space 437248K, 0% used [0x00000000e0000000,0x00000000e0000000,0x00000000fab00000)
  from space 24064K, 99% used [0x00000000fd380000,0x00000000feafe4c0,0x00000000feb00000)
  to   space 27648K, 0% used [0x00000000fb500000,0x00000000fb500000,0x00000000fd000000)
 ParOldGen       total 120320K, used 31685K [0x00000000a0000000, 0x00000000a7580000, 0x00000000e0000000)
  object space 120320K, 26% used [0x00000000a0000000,0x00000000a1ef1668,0x00000000a7580000)
 Metaspace       used 69801K, capacity 73210K, committed 73304K, reserved 1112064K
  class space    used 9610K, capacity 10284K, committed 10328K, reserved 1048576K
}
Event: 16.158 GC heap before
{Heap before GC invocations=14 (full 3):
 PSYoungGen      total 461312K, used 461305K [0x00000000e0000000, 0x00000000feb00000, 0x0000000100000000)
  eden space 437248K, 100% used [0x00000000e0000000,0x00000000fab00000,0x00000000fab00000)
  from space 24064K, 99% used [0x00000000fd380000,0x00000000feafe4c0,0x00000000feb00000)
  to   space 27648K, 0% used [0x00000000fb500000,0x00000000fb500000,0x00000000fd000000)
 ParOldGen       total 120320K, used 31685K [0x00000000a0000000, 0x00000000a7580000, 0x00000000e0000000)
  object space 120320K, 26% used [0x00000000a0000000,0x00000000a1ef1668,0x00000000a7580000)
 Metaspace       used 70508K, capacity 74014K, committed 74072K, reserved 1114112K
  class space    used 9652K, capacity 10328K, committed 10328K, reserved 1048576K
Event: 16.180 GC heap after
Heap after GC invocations=14 (full 3):
 PSYoungGen      total 475136K, used 1568K [0x00000000e0000000, 0x0000000100000000, 0x0000000100000000)
  eden space 447488K, 0% used [0x00000000e0000000,0x00000000e0000000,0x00000000fb500000)
  from space 27648K, 5% used [0x00000000fb500000,0x00000000fb688000,0x00000000fd000000)
  to   space 28160K, 0% used [0x00000000fe480000,0x00000000fe480000,0x0000000100000000)
 ParOldGen       total 120320K, used 44556K [0x00000000a0000000, 0x00000000a7580000, 0x00000000e0000000)
  object space 120320K, 37% used [0x00000000a0000000,0x00000000a2b83080,0x00000000a7580000)
 Metaspace       used 70508K, capacity 74014K, committed 74072K, reserved 1114112K
  class space    used 9652K, capacity 10328K, committed 10328K, reserved 1048576K
}
Event: 27.957 GC heap before
{Heap before GC invocations=15 (full 3):
 PSYoungGen      total 475136K, used 446699K [0x00000000e0000000, 0x0000000100000000, 0x0000000100000000)
  eden space 447488K, 99% used [0x00000000e0000000,0x00000000fb2b2c08,0x00000000fb500000)
  from space 27648K, 5% used [0x00000000fb500000,0x00000000fb688000,0x00000000fd000000)
  to   space 28160K, 0% used [0x00000000fe480000,0x00000000fe480000,0x0000000100000000)
 ParOldGen       total 120320K, used 44556K [0x00000000a0000000, 0x00000000a7580000, 0x00000000e0000000)
  object space 120320K, 37% used [0x00000000a0000000,0x00000000a2b83080,0x00000000a7580000)
 Metaspace       used 74534K, capacity 78240K, committed 78552K, reserved 1116160K
  class space    used 10141K, capacity 10855K, committed 10968K, reserved 1048576K
Event: 27.965 GC heap after
Heap after GC invocations=15 (full 3):
 PSYoungGen      total 495104K, used 7752K [0x00000000e0000000, 0x00000000ffe80000, 0x0000000100000000)
  eden space 468480K, 0% used [0x00000000e0000000,0x00000000e0000000,0x00000000fc980000)
  from space 26624K, 29% used [0x00000000fe480000,0x00000000fec12238,0x00000000ffe80000)
  to   space 27136K, 0% used [0x00000000fc980000,0x00000000fc980000,0x00000000fe400000)
 ParOldGen       total 120320K, used 44564K [0x00000000a0000000, 0x00000000a7580000, 0x00000000e0000000)
  object space 120320K, 37% used [0x00000000a0000000,0x00000000a2b85080,0x00000000a7580000)
 Metaspace       used 74534K, capacity 78240K, committed 78552K, reserved 1116160K
  class space    used 10141K, capacity 10855K, committed 10968K, reserved 1048576K
}
Event: 532.384 GC heap before
{Heap before GC invocations=16 (full 3):
 PSYoungGen      total 495104K, used 432923K [0x00000000e0000000, 0x00000000ffe80000, 0x0000000100000000)
  eden space 468480K, 90% used [0x00000000e0000000,0x00000000f9f34bc0,0x00000000fc980000)
  from space 26624K, 29% used [0x00000000fe480000,0x00000000fec12238,0x00000000ffe80000)
  to   space 27136K, 0% used [0x00000000fc980000,0x00000000fc980000,0x00000000fe400000)
 ParOldGen       total 120320K, used 44564K [0x00000000a0000000, 0x00000000a7580000, 0x00000000e0000000)
  object space 120320K, 37% used [0x00000000a0000000,0x00000000a2b85080,0x00000000a7580000)
 Metaspace       used 93444K, capacity 98362K, committed 98496K, reserved 1134592K
  class space    used 12320K, capacity 13283K, committed 13400K, reserved 1048576K
Event: 532.497 GC heap after
Heap after GC invocations=16 (full 3):
 PSYoungGen      total 495616K, used 27128K [0x00000000e0000000, 0x0000000100000000, 0x0000000100000000)
  eden space 468480K, 0% used [0x00000000e0000000,0x00000000e0000000,0x00000000fc980000)
  from space 27136K, 99% used [0x00000000fc980000,0x00000000fe3fe260,0x00000000fe400000)
  to   space 28672K, 0% used [0x00000000fe400000,0x00000000fe400000,0x0000000100000000)
 ParOldGen       total 120320K, used 57674K [0x00000000a0000000, 0x00000000a7580000, 0x00000000e0000000)
  object space 120320K, 47% used [0x00000000a0000000,0x00000000a38529d8,0x00000000a7580000)
 Metaspace       used 93444K, capacity 98362K, committed 98496K, reserved 1134592K
  class space    used 12320K, capacity 13283K, committed 13400K, reserved 1048576K
}
Event: 532.497 GC heap before
{Heap before GC invocations=17 (full 4):
 PSYoungGen      total 495616K, used 27128K [0x00000000e0000000, 0x0000000100000000, 0x0000000100000000)
  eden space 468480K, 0% used [0x00000000e0000000,0x00000000e0000000,0x00000000fc980000)
  from space 27136K, 99% used [0x00000000fc980000,0x00000000fe3fe260,0x00000000fe400000)
  to   space 28672K, 0% used [0x00000000fe400000,0x00000000fe400000,0x0000000100000000)
 ParOldGen       total 120320K, used 57674K [0x00000000a0000000, 0x00000000a7580000, 0x00000000e0000000)
  object space 120320K, 47% used [0x00000000a0000000,0x00000000a38529d8,0x00000000a7580000)
 Metaspace       used 93444K, capacity 98362K, committed 98496K, reserved 1134592K
  class space    used 12320K, capacity 13283K, committed 13400K, reserved 1048576K
Event: 532.753 GC heap after
Heap after GC invocations=17 (full 4):
 PSYoungGen      total 495616K, used 0K [0x00000000e0000000, 0x0000000100000000, 0x0000000100000000)
  eden space 468480K, 0% used [0x00000000e0000000,0x00000000e0000000,0x00000000fc980000)
  from space 27136K, 0% used [0x00000000fc980000,0x00000000fc980000,0x00000000fe400000)
  to   space 28672K, 0% used [0x00000000fe400000,0x00000000fe400000,0x0000000100000000)
 ParOldGen       total 190976K, used 67305K [0x00000000a0000000, 0x00000000aba80000, 0x00000000e0000000)
  object space 190976K, 35% used [0x00000000a0000000,0x00000000a41ba7a0,0x00000000aba80000)
 Metaspace       used 93157K, capacity 97604K, committed 98496K, reserved 1134592K
  class space    used 12225K, capacity 13124K, committed 13400K, reserved 1048576K
}

Deoptimization events (10 events):
Event: 531.858 Thread 0x000000001bb35800 Uncommon trap: reason=bimorphic action=maybe_recompile pc=0x000000000245ad50 method=java.io.DataInputStream.readChar()C @ 4
Event: 531.858 Thread 0x000000001bb35800 Uncommon trap: reason=bimorphic action=maybe_recompile pc=0x000000000245ad50 method=java.io.DataInputStream.readChar()C @ 4
Event: 531.941 Thread 0x000000001bb36800 Uncommon trap: reason=array_check action=maybe_recompile pc=0x00000000048063c4 method=com.google.common.collect.ImmutableSet.construct(I[Ljava/lang/Object;)Lcom/google/common/collect/ImmutableSet; @ 122
Event: 531.944 Thread 0x000000001bb36800 Uncommon trap: reason=array_check action=maybe_recompile pc=0x00000000048063c4 method=com.google.common.collect.ImmutableSet.construct(I[Ljava/lang/Object;)Lcom/google/common/collect/ImmutableSet; @ 122
Event: 531.953 Thread 0x000000001bb36800 Uncommon trap: reason=array_check action=maybe_recompile pc=0x00000000048063c4 method=com.google.common.collect.ImmutableSet.construct(I[Ljava/lang/Object;)Lcom/google/common/collect/ImmutableSet; @ 122
Event: 531.956 Thread 0x000000001bb36800 Uncommon trap: reason=bimorphic action=maybe_recompile pc=0x000000000245ad50 method=java.io.DataInputStream.readChar()C @ 4
Event: 531.956 Thread 0x000000001bb36800 Uncommon trap: reason=array_check action=maybe_recompile pc=0x00000000048063c4 method=com.google.common.collect.ImmutableSet.construct(I[Ljava/lang/Object;)Lcom/google/common/collect/ImmutableSet; @ 122
Event: 532.227 Thread 0x000000001bb36800 Uncommon trap: reason=class_check action=maybe_recompile pc=0x000000000288ce8c method=java.util.Spliterators$ArraySpliterator.tryAdvance(Ljava/util/function/Consumer;)Z @ 49
Event: 532.326 Thread 0x000000001bb36800 Uncommon trap: reason=class_check action=maybe_recompile pc=0x000000000288ce8c method=java.util.Spliterators$ArraySpliterator.tryAdvance(Ljava/util/function/Consumer;)Z @ 49
Event: 532.804 Thread 0x000000001bb36800 Uncommon trap: reason=unstable_if action=reinterpret pc=0x00000000040e8efc method=java.util.Spliterators$ArraySpliterator.forEachRemaining(Ljava/util/function/Consumer;)V @ 46

Classes redefined (0 events):
No events

Internal exceptions (10 events):
Event: 368.103 Thread 0x0000000017dd8000 Exception <a 'java/lang/NoSuchMethodError': <clinit>> (0x00000000e66fc830) thrown at [D:\src\AOSP-openjdk-cygwin\jdk8u\hotspot\src\share\vm\prims\jni.cpp, line 1614]
Event: 531.944 Thread 0x000000001bb36800 Exception <a 'java/lang/NoSuchMethodError': <clinit>> (0x00000000f8610fd0) thrown at [D:\src\AOSP-openjdk-cygwin\jdk8u\hotspot\src\share\vm\prims\jni.cpp, line 1614]
Event: 531.953 Thread 0x000000001bb36800 Exception <a 'java/lang/NoSuchMethodError': <clinit>> (0x00000000f86f1810) thrown at [D:\src\AOSP-openjdk-cygwin\jdk8u\hotspot\src\share\vm\prims\jni.cpp, line 1614]
Event: 531.960 Thread 0x000000001bb36800 Exception <a 'java/lang/NoSuchMethodError': <clinit>> (0x00000000f880db18) thrown at [D:\src\AOSP-openjdk-cygwin\jdk8u\hotspot\src\share\vm\prims\jni.cpp, line 1614]
Event: 531.960 Thread 0x000000001bb36800 Exception <a 'java/lang/NoSuchMethodError': <clinit>> (0x00000000f8811c50) thrown at [D:\src\AOSP-openjdk-cygwin\jdk8u\hotspot\src\share\vm\prims\jni.cpp, line 1614]
Event: 531.960 Thread 0x000000001bb36800 Exception <a 'java/lang/NoSuchMethodError': <clinit>> (0x00000000f88135d8) thrown at [D:\src\AOSP-openjdk-cygwin\jdk8u\hotspot\src\share\vm\prims\jni.cpp, line 1614]
Event: 531.960 Thread 0x000000001bb36800 Exception <a 'java/lang/NoSuchMethodError': <clinit>> (0x00000000f8814ad8) thrown at [D:\src\AOSP-openjdk-cygwin\jdk8u\hotspot\src\share\vm\prims\jni.cpp, line 1614]
Event: 531.960 Thread 0x000000001bb36800 Exception <a 'java/lang/NoSuchMethodError': <clinit>> (0x00000000f8816228) thrown at [D:\src\AOSP-openjdk-cygwin\jdk8u\hotspot\src\share\vm\prims\jni.cpp, line 1614]
Event: 531.960 Thread 0x000000001bb36800 Exception <a 'java/lang/NoSuchMethodError': <clinit>> (0x00000000f8817828) thrown at [D:\src\AOSP-openjdk-cygwin\jdk8u\hotspot\src\share\vm\prims\jni.cpp, line 1614]
Event: 531.960 Thread 0x000000001bb36800 Exception <a 'java/lang/NoSuchMethodError': <clinit>> (0x00000000f8818cc8) thrown at [D:\src\AOSP-openjdk-cygwin\jdk8u\hotspot\src\share\vm\prims\jni.cpp, line 1614]

Events (10 events):
Event: 532.327 Executing VM operation: ForceSafepoint done
Event: 532.384 Executing VM operation: CollectForMetadataAllocation
Event: 532.753 Executing VM operation: CollectForMetadataAllocation done
Event: 532.799 Executing VM operation: ForceSafepoint
Event: 532.799 Executing VM operation: ForceSafepoint done
Event: 532.802 Thread 0x000000001bb36800 DEOPT PACKING pc=0x0000000004b9b0b5 sp=0x000000001b19b330
Event: 532.802 Thread 0x000000001bb36800 DEOPT UNPACKING pc=0x0000000001e575d0 sp=0x000000001b19b098 mode 0
Event: 532.804 Thread 0x000000001bb36800 Uncommon trap: trap_request=0xffffff65 fr.pc=0x00000000040e8efc
Event: 532.804 Thread 0x000000001bb36800 DEOPT PACKING pc=0x00000000040e8efc sp=0x000000001b19a8e0
Event: 532.804 Thread 0x000000001bb36800 DEOPT UNPACKING pc=0x0000000001e5557b sp=0x000000001b19a820 mode 2


Dynamic libraries:
0x00007ff61c450000 - 0x00007ff61c481000 	C:\Program Files\Android\Android Studio\jre\bin\java.exe
0x00007ffb0a4e0000 - 0x00007ffb0a68c000 	C:\Windows\SYSTEM32\ntdll.dll
0x00007ffb08230000 - 0x00007ffb0836e000 	C:\Windows\system32\KERNEL32.DLL
0x00007ffb077c0000 - 0x00007ffb078d5000 	C:\Windows\system32\KERNELBASE.dll
0x00007ffb0a1c0000 - 0x00007ffb0a26a000 	C:\Windows\system32\ADVAPI32.dll
0x00007ffb099d0000 - 0x00007ffb09b47000 	C:\Windows\system32\USER32.dll
0x00007ffb04e00000 - 0x00007ffb0507a000 	C:\Windows\WinSxS\amd64_microsoft.windows.common-controls_6595b64144ccf1df_6.0.9600.17810_none_6240b9c7ecbd0bda\COMCTL32.dll
0x00007ffb07d30000 - 0x00007ffb07dda000 	C:\Windows\system32\msvcrt.dll
0x00007ffb09960000 - 0x00007ffb099b9000 	C:\Windows\SYSTEM32\sechost.dll
0x00007ffb080e0000 - 0x00007ffb08221000 	C:\Windows\system32\RPCRT4.dll
0x00007ffb07be0000 - 0x00007ffb07d30000 	C:\Windows\system32\GDI32.dll
0x00007ffb0a120000 - 0x00007ffb0a156000 	C:\Windows\system32\IMM32.DLL
0x00007ffb09f60000 - 0x00007ffb0a0b1000 	C:\Windows\system32\MSCTF.dll
0x0000000057960000 - 0x0000000057a32000 	C:\Program Files\Android\Android Studio\jre\jre\bin\msvcr100.dll
0x0000000059790000 - 0x0000000059fd6000 	C:\Program Files\Android\Android Studio\jre\jre\bin\server\jvm.dll
0x00007ffb02740000 - 0x00007ffb02749000 	C:\Windows\SYSTEM32\WSOCK32.dll
0x00007ffb04b70000 - 0x00007ffb04b92000 	C:\Windows\SYSTEM32\WINMM.dll
0x00007ffb04ba0000 - 0x00007ffb04baa000 	C:\Windows\SYSTEM32\VERSION.dll
0x00007ffb09bc0000 - 0x00007ffb09bc7000 	C:\Windows\system32\PSAPI.DLL
0x00007ffb0a160000 - 0x00007ffb0a1ba000 	C:\Windows\system32\WS2_32.dll
0x00007ffb049f0000 - 0x00007ffb04a1a000 	C:\Windows\SYSTEM32\WINMMBASE.dll
0x00007ffb07bd0000 - 0x00007ffb07bd9000 	C:\Windows\system32\NSI.dll
0x00007ffb078e0000 - 0x00007ffb0792f000 	C:\Windows\SYSTEM32\cfgmgr32.dll
0x00007ffb062a0000 - 0x00007ffb062c8000 	C:\Windows\SYSTEM32\DEVOBJ.dll
0x00007ffb02610000 - 0x00007ffb0261f000 	C:\Program Files\Android\Android Studio\jre\jre\bin\verify.dll
0x00007ffb003b0000 - 0x00007ffb003d9000 	C:\Program Files\Android\Android Studio\jre\jre\bin\java.dll
0x00007ffb01ce0000 - 0x00007ffb01cf6000 	C:\Program Files\Android\Android Studio\jre\jre\bin\zip.dll
0x00007ffb08440000 - 0x00007ffb09958000 	C:\Windows\system32\SHELL32.dll
0x00007ffb07e00000 - 0x00007ffb08011000 	C:\Windows\SYSTEM32\combase.dll
0x00007ffb0a0c0000 - 0x00007ffb0a114000 	C:\Windows\system32\SHLWAPI.dll
0x00007ffb05fe0000 - 0x00007ffb06092000 	C:\Windows\SYSTEM32\SHCORE.dll
0x00007ffb07640000 - 0x00007ffb07655000 	C:\Windows\SYSTEM32\profapi.dll
0x00007ffb01440000 - 0x00007ffb0145a000 	C:\Program Files\Android\Android Studio\jre\jre\bin\net.dll
0x00007ffaff8d0000 - 0x00007ffaffa55000 	C:\Windows\SYSTEM32\urlmon.dll
0x00007ffb0a270000 - 0x00007ffb0a404000 	C:\Windows\system32\ole32.dll
0x00007ffaff600000 - 0x00007ffaff8c7000 	C:\Windows\SYSTEM32\iertutil.dll
0x00007ffaff3a0000 - 0x00007ffaff5fa000 	C:\Windows\SYSTEM32\WININET.dll
0x00007ffb06be0000 - 0x00007ffb06c01000 	C:\Windows\SYSTEM32\USERENV.dll
0x00007ffb06eb0000 - 0x00007ffb06f09000 	C:\Windows\system32\mswsock.dll
0x00007ffaeb6c0000 - 0x00007ffaeb6d3000 	C:\Program Files\Android\Android Studio\jre\jre\bin\nio.dll
0x00007ffada5a0000 - 0x00007ffada5c6000 	C:\Users\Alex\.gradle\native\30\windows-amd64\native-platform.dll
0x00007ffb02600000 - 0x00007ffb0260d000 	C:\Program Files\Android\Android Studio\jre\jre\bin\management.dll
0x00007ffb06f10000 - 0x00007ffb06f30000 	C:\Windows\SYSTEM32\CRYPTSP.dll
0x00007ffb06ad0000 - 0x00007ffb06b06000 	C:\Windows\system32\rsaenh.dll
0x00007ffb071d0000 - 0x00007ffb071f6000 	C:\Windows\SYSTEM32\bcrypt.dll
0x00007ffb07510000 - 0x00007ffb07573000 	C:\Windows\system32\bcryptprimitives.dll
0x00007ffb07580000 - 0x00007ffb0758b000 	C:\Windows\SYSTEM32\CRYPTBASE.dll
0x00007ffb01340000 - 0x00007ffb0136a000 	C:\Windows\SYSTEM32\IPHLPAPI.DLL
0x00007ffb01330000 - 0x00007ffb0133a000 	C:\Windows\SYSTEM32\WINNSI.DLL
0x00007ffb00dc0000 - 0x00007ffb00dd6000 	C:\Windows\SYSTEM32\dhcpcsvc6.DLL
0x00007ffb01050000 - 0x00007ffb0106a000 	C:\Windows\SYSTEM32\dhcpcsvc.DLL
0x00007ffafedb0000 - 0x00007ffafedd4000 	C:\Program Files\Android\Android Studio\jre\jre\bin\sunec.dll
0x00007ffb06c50000 - 0x00007ffb06cf4000 	C:\Windows\SYSTEM32\DNSAPI.dll
0x00007ffaf24f0000 - 0x00007ffaf24fa000 	C:\Windows\System32\rasadhlp.dll
0x00007ffb00f30000 - 0x00007ffb00f9b000 	C:\Windows\System32\fwpuclnt.dll
0x00007ffaff330000 - 0x00007ffaff33b000 	C:\Program Files\Android\Android Studio\jre\jre\bin\sunmscapi.dll
0x00007ffb07990000 - 0x00007ffb07b6f000 	C:\Windows\system32\CRYPT32.dll
0x00007ffb076f0000 - 0x00007ffb07701000 	C:\Windows\system32\MSASN1.dll

VM Arguments:
jvm_args: -Xmx1536m -Dfile.encoding=windows-1252 -Duser.country=ES -Duser.language=es -Duser.variant 
java_command: org.gradle.launcher.daemon.bootstrap.GradleDaemon 5.6.4
java_class_path (initial): C:\Users\Alex\.gradle\wrapper\dists\gradle-5.6.4-all\ankdp27end7byghfw1q2sw75f\gradle-5.6.4\lib\gradle-launcher-5.6.4.jar
Launcher Type: SUN_STANDARD

Environment Variables:
PATH=C:\Program Files (x86)\Common Files\Oracle\Java\javapath;C:\ProgramData\Oracle\Java\javapath;C:\Program Files (x86)\NVIDIA Corporation\PhysX\Common;C:\Windows\system32;C:\Windows;C:\Windows\System32\Wbem;C:\Windows\System32\WindowsPowerShell\v1.0\;C:\adb;C:\Program Files (x86)\Brackets\command;C:\xampp\php;C:\composer;C:\Program Files (x86)\Git\bin;C:\Program Files (x86)\Git\cmd;C:\Program Files\Git\cmd;C:\MinGW\bin;C:\Users\Alex\AppData\Local\Programs\Microsoft VS Code\bin;C:\Users\Alex\AppData\Roaming\Composer\vendor\bin
USERNAME=Alex
OS=Windows_NT
PROCESSOR_IDENTIFIER=Intel64 Family 6 Model 60 Stepping 3, GenuineIntel



---------------  S Y S T E M  ---------------

OS: Windows 8.1 , 64 bit Build 9600 (6.3.9600.17415)

CPU:total 4 (initial active 4) (4 cores per cpu, 1 threads per core) family 6 model 60 stepping 3, cmov, cx8, fxsr, mmx, sse, sse2, sse3, ssse3, sse4.1, sse4.2, popcnt, avx, avx2, aes, clmul, erms, rtm, lzcnt, tsc, tscinvbit, bmi1, bmi2

Memory: 4k page, physical 7815488k(929272k free), swap 9607488k(40636k free)

vm_info: OpenJDK 64-Bit Server VM (25.212-b04) for windows-amd64 JRE (1.8.0_212-release-1586-b04), built by "builder" with MS VC++ 10.0 (VS2010)

time: Sat May 30 17:40:06 2020
timezone: Hora de verano romance
elapsed time: 532 seconds (0d 0h 8m 52s)

